<?xml version="1.0" encoding="UTF-8"?>
<Site BuildName="Linux-gcc"
	BuildStamp="20240531-0457-Experimental"
	Name="fedora"
	Generator="ctest-3.29.3"
	CompilerName=""
	CompilerVersion=""
	OSName="Linux"
	Hostname="fedora"
	OSRelease="6.8.10-200.fc39.x86_64"
	OSVersion="#1 SMP PREEMPT_DYNAMIC Fri May 17 21:20:15 UTC 2024"
	OSPlatform="x86_64"
	Is64Bits="1"
	VendorString="GenuineIntel"
	VendorID="Intel Corporation"
	FamilyID="6"
	ModelID="151"
	ProcessorCacheSize="18432"
	NumberOfLogicalCPU="12"
	NumberOfPhysicalCPU="6"
	TotalVirtualMemory="8191"
	TotalPhysicalMemory="15796"
	LogicalProcessorsPerPhysical="2"
	ProcessorClockFrequency="3997.37"
	>
	<Testing>
		<StartDateTime>May 31 15:24 MSK</StartDateTime>
		<StartTestTime>1717158246</StartTestTime>
		<TestList/>
		<EndDateTime>May 31 15:24 MSK</EndDateTime>
		<EndTestTime>1717158246</EndTestTime>
		<ElapsedMinutes>0</ElapsedMinutes>
	</Testing>
</Site>
