<?xml version="1.0" encoding="UTF-8"?>
<Site BuildName="Linux-gcc"
	BuildStamp="20240910-1658-Experimental"
	Name="fedora"
	Generator="ctest-3.29.3"
	CompilerName=""
	CompilerVersion=""
	OSName="Linux"
	Hostname="fedora"
	OSRelease="6.10.8-100.fc39.x86_64"
	OSVersion="#1 SMP PREEMPT_DYNAMIC Wed Sep  4 21:40:13 UTC 2024"
	OSPlatform="x86_64"
	Is64Bits="1"
	VendorString="GenuineIntel"
	VendorID="Intel Corporation"
	FamilyID="6"
	ModelID="151"
	ProcessorCacheSize="18432"
	NumberOfLogicalCPU="12"
	NumberOfPhysicalCPU="6"
	TotalVirtualMemory="8191"
	TotalPhysicalMemory="15796"
	LogicalProcessorsPerPhysical="2"
	ProcessorClockFrequency="2691.39"
	>
	<Testing>
		<StartDateTime>Sep 10 19:58 MSK</StartDateTime>
		<StartTestTime>1725987525</StartTestTime>
		<TestList/>
		<EndDateTime>Sep 10 19:58 MSK</EndDateTime>
		<EndTestTime>1725987525</EndTestTime>
		<ElapsedMinutes>0</ElapsedMinutes>
	</Testing>
</Site>
