<?xml version="1.0" encoding="UTF-8"?>
<Site BuildName="Linux-gcc"
	BuildStamp="20240627-1655-Experimental"
	Name="fedora"
	Generator="ctest-3.29.3"
	CompilerName=""
	CompilerVersion=""
	OSName="Linux"
	Hostname="fedora"
	OSRelease="6.9.5-100.fc39.x86_64"
	OSVersion="#1 SMP PREEMPT_DYNAMIC Sun Jun 16 15:57:19 UTC 2024"
	OSPlatform="x86_64"
	Is64Bits="1"
	VendorString="GenuineIntel"
	VendorID="Intel Corporation"
	FamilyID="6"
	ModelID="151"
	ProcessorCacheSize="18432"
	NumberOfLogicalCPU="12"
	NumberOfPhysicalCPU="6"
	TotalVirtualMemory="8191"
	TotalPhysicalMemory="15796"
	LogicalProcessorsPerPhysical="2"
	ProcessorClockFrequency="3705.14"
	>
	<Testing>
		<StartDateTime>Jun 27 19:55 MSK</StartDateTime>
		<StartTestTime>1719507305</StartTestTime>
		<TestList/>
		<EndDateTime>Jun 27 19:55 MSK</EndDateTime>
		<EndTestTime>1719507305</EndTestTime>
		<ElapsedMinutes>0</ElapsedMinutes>
	</Testing>
</Site>
