<?xml version="1.0" encoding="UTF-8"?>
<Site BuildName="Linux-gcc"
	BuildStamp="20240521-2119-Experimental"
	Name="fedora"
	Generator="ctest-3.29.3"
	CompilerName=""
	CompilerVersion=""
	OSName="Linux"
	Hostname="fedora"
	OSRelease="6.8.9-200.fc39.x86_64"
	OSVersion="#1 SMP PREEMPT_DYNAMIC Thu May  2 18:44:19 UTC 2024"
	OSPlatform="x86_64"
	Is64Bits="1"
	VendorString="GenuineIntel"
	VendorID="Intel Corporation"
	FamilyID="6"
	ModelID="151"
	ProcessorCacheSize="18432"
	NumberOfLogicalCPU="12"
	NumberOfPhysicalCPU="6"
	TotalVirtualMemory="8191"
	TotalPhysicalMemory="15796"
	LogicalProcessorsPerPhysical="2"
	ProcessorClockFrequency="3243.39"
	>
	<Testing>
		<StartDateTime>May 22 00:19 MSK</StartDateTime>
		<StartTestTime>1716326371</StartTestTime>
		<TestList/>
		<EndDateTime>May 22 00:19 MSK</EndDateTime>
		<EndTestTime>1716326371</EndTestTime>
		<ElapsedMinutes>0</ElapsedMinutes>
	</Testing>
</Site>
