<?xml version="1.0" encoding="UTF-8"?>
<Site BuildName="Linux-gcc"
	BuildStamp="20240622-1323-Experimental"
	Name="fedora"
	Generator="ctest-3.29.3"
	CompilerName=""
	CompilerVersion=""
	OSName="Linux"
	Hostname="fedora"
	OSRelease="6.9.4-100.fc39.x86_64"
	OSVersion="#1 SMP PREEMPT_DYNAMIC Wed Jun 12 13:37:46 UTC 2024"
	OSPlatform="x86_64"
	Is64Bits="1"
	VendorString="GenuineIntel"
	VendorID="Intel Corporation"
	FamilyID="6"
	ModelID="151"
	ProcessorCacheSize="18432"
	NumberOfLogicalCPU="12"
	NumberOfPhysicalCPU="6"
	TotalVirtualMemory="8191"
	TotalPhysicalMemory="15796"
	LogicalProcessorsPerPhysical="2"
	ProcessorClockFrequency="1925.73"
	>
	<Testing>
		<StartDateTime>Jun 22 20:18 MSK</StartDateTime>
		<StartTestTime>1719076716</StartTestTime>
		<TestList/>
		<EndDateTime>Jun 22 20:18 MSK</EndDateTime>
		<EndTestTime>1719076716</EndTestTime>
		<ElapsedMinutes>0</ElapsedMinutes>
	</Testing>
</Site>
